[ 2018-04-20T20:04:29+08:00 ] ::1 /blog/61a8a4bf9306e2e10aa0e446109be315348d9c14.php/index
INFO: [ app_init ] --START--
INFO: Run Behavior\BuildLiteBehavior [ RunTime:0.000008s ]
INFO: [ app_init ] --END-- [ RunTime:0.008025s ]
INFO: [ app_begin ] --START--
INFO: Run Behavior\ReadHtmlCacheBehavior [ RunTime:0.035743s ]
INFO: [ app_begin ] --END-- [ RunTime:0.035781s ]
SQL: SHOW COLUMNS FROM `users` [ RunTime:0.4791s ]
SQL: SHOW COLUMNS FROM `users` [ RunTime:0.0006s ]
INFO: [ view_parse ] --START--
INFO: [ template_filter ] --START--
INFO: Run Behavior\ContentReplaceBehavior [ RunTime:0.012618s ]
INFO: [ template_filter ] --END-- [ RunTime:0.012658s ]
INFO: Run Behavior\ParseTemplateBehavior [ RunTime:0.090104s ]
INFO: [ view_parse ] --END-- [ RunTime:0.090137s ]
INFO: [ view_filter ] --START--
INFO: Run Behavior\WriteHtmlCacheBehavior [ RunTime:0.000718s ]
INFO: [ view_filter ] --END-- [ RunTime:0.000740s ]
INFO: [ app_end ] --START--
INFO: Run Behavior\ShowPageTraceBehavior [ RunTime:0.028529s ]
INFO: [ app_end ] --END-- [ RunTime:0.028561s ]

[ 2018-04-20T20:04:29+08:00 ] ::1 /blog/61a8a4bf9306e2e10aa0e446109be315348d9c14.php/Index/showCheckCode.html
INFO: [ app_init ] --START--
INFO: Run Behavior\BuildLiteBehavior [ RunTime:0.000007s ]
INFO: [ app_init ] --END-- [ RunTime:0.000432s ]
INFO: [ app_begin ] --START--
INFO: Run Behavior\ReadHtmlCacheBehavior [ RunTime:0.000556s ]
INFO: [ app_begin ] --END-- [ RunTime:0.000590s ]
SQL: SHOW COLUMNS FROM `users` [ RunTime:0.0020s ]
SQL: SHOW COLUMNS FROM `users` [ RunTime:0.0007s ]
INFO: [ app_end ] --START--
INFO: Run Behavior\ShowPageTraceBehavior [ RunTime:0.000743s ]
INFO: [ app_end ] --END-- [ RunTime:0.000814s ]

[ 2018-04-20T20:04:41+08:00 ] ::1 /blog/61a8a4bf9306e2e10aa0e446109be315348d9c14.php/Index/checkLogin.html
INFO: [ app_init ] --START--
INFO: Run Behavior\BuildLiteBehavior [ RunTime:0.000006s ]
INFO: [ app_init ] --END-- [ RunTime:0.000433s ]
INFO: [ app_begin ] --START--
INFO: Run Behavior\ReadHtmlCacheBehavior [ RunTime:0.000476s ]
INFO: [ app_begin ] --END-- [ RunTime:0.000500s ]
SQL: SHOW COLUMNS FROM `users` [ RunTime:0.0017s ]
SQL: SHOW COLUMNS FROM `users` [ RunTime:0.0004s ]
NOTIC: [8] Undefined index: validate D:\phpStudy\WWW\blog\ThinkPHP\Library\Think\Model.class.php 第 1185 行.
NOTIC: [8] Undefined index: auto D:\phpStudy\WWW\blog\ThinkPHP\Library\Think\Model.class.php 第 1128 行.
SQL: SELECT `password` FROM `users` LIMIT 1   [ RunTime:0.0324s ]

[ 2018-04-20T20:04:48+08:00 ] ::1 /blog/61a8a4bf9306e2e10aa0e446109be315348d9c14.php/Index/showCheckCode.html
INFO: [ app_init ] --START--
INFO: Run Behavior\BuildLiteBehavior [ RunTime:0.000006s ]
INFO: [ app_init ] --END-- [ RunTime:0.000391s ]
INFO: [ app_begin ] --START--
INFO: Run Behavior\ReadHtmlCacheBehavior [ RunTime:0.000534s ]
INFO: [ app_begin ] --END-- [ RunTime:0.000559s ]
SQL: SHOW COLUMNS FROM `users` [ RunTime:0.0014s ]
SQL: SHOW COLUMNS FROM `users` [ RunTime:0.0004s ]
INFO: [ app_end ] --START--
INFO: Run Behavior\ShowPageTraceBehavior [ RunTime:0.000564s ]
INFO: [ app_end ] --END-- [ RunTime:0.000593s ]

[ 2018-04-20T20:04:49+08:00 ] ::1 /blog/61a8a4bf9306e2e10aa0e446109be315348d9c14.php/Index/showCheckCode.html
INFO: [ app_init ] --START--
INFO: Run Behavior\BuildLiteBehavior [ RunTime:0.000006s ]
INFO: [ app_init ] --END-- [ RunTime:0.000424s ]
INFO: [ app_begin ] --START--
INFO: Run Behavior\ReadHtmlCacheBehavior [ RunTime:0.000516s ]
INFO: [ app_begin ] --END-- [ RunTime:0.000542s ]
SQL: SHOW COLUMNS FROM `users` [ RunTime:0.0014s ]
SQL: SHOW COLUMNS FROM `users` [ RunTime:0.0004s ]
INFO: [ app_end ] --START--
INFO: Run Behavior\ShowPageTraceBehavior [ RunTime:0.000770s ]
INFO: [ app_end ] --END-- [ RunTime:0.000819s ]

[ 2018-04-20T20:05:08+08:00 ] ::1 /blog/61a8a4bf9306e2e10aa0e446109be315348d9c14.php/Index/checkLogin.html
INFO: [ app_init ] --START--
INFO: Run Behavior\BuildLiteBehavior [ RunTime:0.000006s ]
INFO: [ app_init ] --END-- [ RunTime:0.000422s ]
INFO: [ app_begin ] --START--
INFO: Run Behavior\ReadHtmlCacheBehavior [ RunTime:0.000489s ]
INFO: [ app_begin ] --END-- [ RunTime:0.000512s ]
SQL: SHOW COLUMNS FROM `users` [ RunTime:0.0017s ]
SQL: SHOW COLUMNS FROM `users` [ RunTime:0.0006s ]
NOTIC: [8] Undefined index: validate D:\phpStudy\WWW\blog\ThinkPHP\Library\Think\Model.class.php 第 1185 行.
NOTIC: [8] Undefined index: auto D:\phpStudy\WWW\blog\ThinkPHP\Library\Think\Model.class.php 第 1128 行.
SQL: SELECT `password` FROM `users` LIMIT 1   [ RunTime:0.0003s ]

[ 2018-04-20T20:05:09+08:00 ] ::1 /blog/61a8a4bf9306e2e10aa0e446109be315348d9c14.php/Index/checkLogin.html
INFO: [ app_init ] --START--
INFO: Run Behavior\BuildLiteBehavior [ RunTime:0.000005s ]
INFO: [ app_init ] --END-- [ RunTime:0.000429s ]
INFO: [ app_begin ] --START--
INFO: Run Behavior\ReadHtmlCacheBehavior [ RunTime:0.000508s ]
INFO: [ app_begin ] --END-- [ RunTime:0.000532s ]
SQL: SHOW COLUMNS FROM `users` [ RunTime:0.0026s ]
SQL: SHOW COLUMNS FROM `users` [ RunTime:0.0007s ]

[ 2018-04-20T20:05:09+08:00 ] ::1 /blog/61a8a4bf9306e2e10aa0e446109be315348d9c14.php/Index/checkLogin.html
INFO: [ app_init ] --START--
INFO: Run Behavior\BuildLiteBehavior [ RunTime:0.000007s ]
INFO: [ app_init ] --END-- [ RunTime:0.000392s ]
INFO: [ app_begin ] --START--
INFO: Run Behavior\ReadHtmlCacheBehavior [ RunTime:0.000475s ]
INFO: [ app_begin ] --END-- [ RunTime:0.000499s ]
SQL: SHOW COLUMNS FROM `users` [ RunTime:0.0677s ]
SQL: SHOW COLUMNS FROM `users` [ RunTime:0.0005s ]

