[ 2018-05-02T14:06:28+08:00 ] ::1 /blog/61a8a4bf9306e2e10aa0e446109be315348d9c14.php/Index/checkLogin.html
INFO: [ app_begin ] --START--
INFO: Run Behavior\ReadHtmlCacheBehavior [ RunTime:0.000607s ]
INFO: [ app_begin ] --END-- [ RunTime:0.001145s ]
SQL: SHOW COLUMNS FROM `users` [ RunTime:0.0016s ]
SQL: SHOW COLUMNS FROM `users` [ RunTime:0.0005s ]
NOTIC: [8] Undefined index: validate D:\phpStudy\WWW\blog\ThinkPHP\Library\Think\Model.class.php 第 1185 行.
NOTIC: [8] Undefined index: auto D:\phpStudy\WWW\blog\ThinkPHP\Library\Think\Model.class.php 第 1128 行.
SQL: SELECT * FROM `users` WHERE `name` = 'yuege'  [ RunTime:0.0260s ]
SQL: UPDATE `users` SET `tdy_login_times`='1',`last_login_time`='1525241187' WHERE `id` = 1 [ RunTime:0.4019s ]

[ 2018-05-02T14:07:56+08:00 ] ::1 /blog/61a8a4bf9306e2e10aa0e446109be315348d9c14.php/PutBlog/deleteAll.html
INFO: [ app_begin ] --START--
INFO: Run Behavior\ReadHtmlCacheBehavior [ RunTime:0.000731s ]
INFO: [ app_begin ] --END-- [ RunTime:0.001303s ]
SQL: SHOW COLUMNS FROM `blogs` [ RunTime:0.0020s ]
SQL: SHOW COLUMNS FROM `category` [ RunTime:0.0013s ]
SQL: SHOW COLUMNS FROM `picture` [ RunTime:0.0011s ]
SQL: SHOW COLUMNS FROM `picture` [ RunTime:0.0004s ]
SQL: DELETE FROM `blogs` WHERE `id` IN ('9','8') [ RunTime:0.0619s ]
SQL: SELECT * FROM `picture` WHERE `bid` IN ('9','8')  [ RunTime:0.0003s ]
SQL: DELETE FROM `picture` WHERE `bid` IN ('9','8') [ RunTime:0.0003s ]

[ 2018-05-02T21:24:07+08:00 ] ::1 /blog/61a8a4bf9306e2e10aa0e446109be315348d9c14.php/Index/checkLogin.html
INFO: [ app_begin ] --START--
INFO: Run Behavior\ReadHtmlCacheBehavior [ RunTime:0.000597s ]
INFO: [ app_begin ] --END-- [ RunTime:0.001121s ]
SQL: SHOW COLUMNS FROM `users` [ RunTime:0.0017s ]
SQL: SHOW COLUMNS FROM `users` [ RunTime:0.0006s ]
NOTIC: [8] Undefined index: validate D:\phpStudy\WWW\blog\ThinkPHP\Library\Think\Model.class.php 第 1185 行.
NOTIC: [8] Undefined index: auto D:\phpStudy\WWW\blog\ThinkPHP\Library\Think\Model.class.php 第 1128 行.
SQL: SELECT * FROM `users` WHERE `name` = 'yuege'  [ RunTime:0.0711s ]
SQL: UPDATE `users` SET `tdy_login_times`='2',`last_login_time`='1525267447' WHERE `id` = 1 [ RunTime:0.1465s ]

