[ 2018-04-30T09:43:40+08:00 ] ::1 /blog/61a8a4bf9306e2e10aa0e446109be315348d9c14.php/Index/checkLogin.html
INFO: [ app_begin ] --START--
INFO: Run Behavior\ReadHtmlCacheBehavior [ RunTime:0.000828s ]
INFO: [ app_begin ] --END-- [ RunTime:0.001393s ]
SQL: SHOW COLUMNS FROM `users` [ RunTime:0.0015s ]
SQL: SHOW COLUMNS FROM `users` [ RunTime:0.0005s ]
NOTIC: [8] Undefined index: validate D:\phpStudy\WWW\blog\ThinkPHP\Library\Think\Model.class.php 第 1185 行.
NOTIC: [8] Undefined index: auto D:\phpStudy\WWW\blog\ThinkPHP\Library\Think\Model.class.php 第 1128 行.
SQL: SELECT * FROM `users` WHERE `name` = 'yuege'  [ RunTime:0.0004s ]
SQL: UPDATE `users` SET `tdy_login_times`='1',`last_login_time`='1525052620' WHERE `id` = 1 [ RunTime:0.0475s ]

[ 2018-04-30T11:44:23+08:00 ] ::1 /blog/61a8a4bf9306e2e10aa0e446109be315348d9c14.php/Index/checkLogin.html
INFO: [ app_begin ] --START--
INFO: Run Behavior\ReadHtmlCacheBehavior [ RunTime:0.000828s ]
INFO: [ app_begin ] --END-- [ RunTime:0.001439s ]
SQL: SHOW COLUMNS FROM `users` [ RunTime:0.0630s ]
SQL: SHOW COLUMNS FROM `users` [ RunTime:0.0006s ]
NOTIC: [8] Undefined index: validate D:\phpStudy\WWW\blog\ThinkPHP\Library\Think\Model.class.php 第 1185 行.
NOTIC: [8] Undefined index: auto D:\phpStudy\WWW\blog\ThinkPHP\Library\Think\Model.class.php 第 1128 行.
SQL: SELECT * FROM `users` WHERE `name` = 'yuege'  [ RunTime:0.0003s ]
SQL: UPDATE `users` SET `tdy_login_times`='2',`last_login_time`='1525059863' WHERE `id` = 1 [ RunTime:0.0499s ]

[ 2018-04-30T14:40:30+08:00 ] ::1 /blog/61a8a4bf9306e2e10aa0e446109be315348d9c14.php/Index/checkLogin.html
INFO: [ app_begin ] --START--
INFO: Run Behavior\ReadHtmlCacheBehavior [ RunTime:0.000570s ]
INFO: [ app_begin ] --END-- [ RunTime:0.001049s ]
SQL: SHOW COLUMNS FROM `users` [ RunTime:0.0015s ]
SQL: SHOW COLUMNS FROM `users` [ RunTime:0.0007s ]
NOTIC: [8] Undefined index: validate D:\phpStudy\WWW\blog\ThinkPHP\Library\Think\Model.class.php 第 1185 行.
NOTIC: [8] Undefined index: auto D:\phpStudy\WWW\blog\ThinkPHP\Library\Think\Model.class.php 第 1128 行.
SQL: SELECT * FROM `users` WHERE `name` = 'yuege'  [ RunTime:0.0004s ]
SQL: UPDATE `users` SET `tdy_login_times`='3',`last_login_time`='1525070430' WHERE `id` = 1 [ RunTime:0.0980s ]

[ 2018-04-30T15:59:32+08:00 ] ::1 /blog/61a8a4bf9306e2e10aa0e446109be315348d9c14.php/Index/checkLogin.html
INFO: [ app_begin ] --START--
INFO: Run Behavior\ReadHtmlCacheBehavior [ RunTime:0.000702s ]
INFO: [ app_begin ] --END-- [ RunTime:0.001218s ]
SQL: SHOW COLUMNS FROM `users` [ RunTime:0.0014s ]
SQL: SHOW COLUMNS FROM `users` [ RunTime:0.0005s ]
NOTIC: [8] Undefined index: validate D:\phpStudy\WWW\blog\ThinkPHP\Library\Think\Model.class.php 第 1185 行.
NOTIC: [8] Undefined index: auto D:\phpStudy\WWW\blog\ThinkPHP\Library\Think\Model.class.php 第 1128 行.
SQL: SELECT * FROM `users` WHERE `name` = 'yuege'  [ RunTime:0.0005s ]
SQL: UPDATE `users` SET `tdy_login_times`='4',`last_login_time`='1525075172' WHERE `id` = 1 [ RunTime:0.0996s ]

[ 2018-04-30T17:07:44+08:00 ] ::1 /blog/61a8a4bf9306e2e10aa0e446109be315348d9c14.php/Index/checkLogin.html
INFO: [ app_begin ] --START--
INFO: Run Behavior\ReadHtmlCacheBehavior [ RunTime:0.000574s ]
INFO: [ app_begin ] --END-- [ RunTime:0.000984s ]
SQL: SHOW COLUMNS FROM `users` [ RunTime:0.0006s ]
SQL: SHOW COLUMNS FROM `users` [ RunTime:0.0005s ]
NOTIC: [8] Undefined index: validate D:\phpStudy\WWW\blog\ThinkPHP\Library\Think\Model.class.php 第 1185 行.
NOTIC: [8] Undefined index: auto D:\phpStudy\WWW\blog\ThinkPHP\Library\Think\Model.class.php 第 1128 行.
SQL: SELECT * FROM `users` WHERE `name` = 'yuege'  [ RunTime:0.0004s ]
SQL: UPDATE `users` SET `tdy_login_times`='5',`last_login_time`='1525079264' WHERE `id` = 1 [ RunTime:0.0467s ]

[ 2018-04-30T17:09:31+08:00 ] ::1 /blog/61a8a4bf9306e2e10aa0e446109be315348d9c14.php/Index/checkLogin.html
INFO: [ app_begin ] --START--
INFO: Run Behavior\ReadHtmlCacheBehavior [ RunTime:0.000688s ]
INFO: [ app_begin ] --END-- [ RunTime:0.001179s ]
SQL: SHOW COLUMNS FROM `users` [ RunTime:0.0010s ]
SQL: SHOW COLUMNS FROM `users` [ RunTime:0.0004s ]
NOTIC: [8] Undefined index: validate D:\phpStudy\WWW\blog\ThinkPHP\Library\Think\Model.class.php 第 1185 行.
NOTIC: [8] Undefined index: auto D:\phpStudy\WWW\blog\ThinkPHP\Library\Think\Model.class.php 第 1128 行.
SQL: SELECT * FROM `users` WHERE `name` = 'yuege'  [ RunTime:0.0004s ]
SQL: UPDATE `users` SET `tdy_login_times`='6',`last_login_time`='1525079371' WHERE `id` = 1 [ RunTime:0.0943s ]

[ 2018-04-30T17:11:38+08:00 ] ::1 /blog/61a8a4bf9306e2e10aa0e446109be315348d9c14.php/Index/checkLogin.html
INFO: [ app_begin ] --START--
INFO: Run Behavior\ReadHtmlCacheBehavior [ RunTime:0.000600s ]
INFO: [ app_begin ] --END-- [ RunTime:0.001132s ]
SQL: SHOW COLUMNS FROM `users` [ RunTime:0.0006s ]
SQL: SHOW COLUMNS FROM `users` [ RunTime:0.0005s ]

[ 2018-04-30T17:11:50+08:00 ] ::1 /blog/61a8a4bf9306e2e10aa0e446109be315348d9c14.php/Index/checkLogin.html
INFO: [ app_begin ] --START--
INFO: Run Behavior\ReadHtmlCacheBehavior [ RunTime:0.000606s ]
INFO: [ app_begin ] --END-- [ RunTime:0.001100s ]
SQL: SHOW COLUMNS FROM `users` [ RunTime:0.0005s ]
SQL: SHOW COLUMNS FROM `users` [ RunTime:0.0010s ]
NOTIC: [8] Undefined index: validate D:\phpStudy\WWW\blog\ThinkPHP\Library\Think\Model.class.php 第 1185 行.
NOTIC: [8] Undefined index: auto D:\phpStudy\WWW\blog\ThinkPHP\Library\Think\Model.class.php 第 1128 行.
SQL: SELECT * FROM `users` WHERE `name` = 'yuege'  [ RunTime:0.0003s ]
SQL: UPDATE `users` SET `tdy_login_times`='7',`last_login_time`='1525079510' WHERE `id` = 1 [ RunTime:0.1133s ]

[ 2018-04-30T17:19:52+08:00 ] ::1 /blog/61a8a4bf9306e2e10aa0e446109be315348d9c14.php/Index/checkLogin.html
INFO: [ app_begin ] --START--
INFO: Run Behavior\ReadHtmlCacheBehavior [ RunTime:0.000563s ]
INFO: [ app_begin ] --END-- [ RunTime:0.001021s ]
SQL: SHOW COLUMNS FROM `users` [ RunTime:0.0013s ]
SQL: SHOW COLUMNS FROM `users` [ RunTime:0.0005s ]
NOTIC: [8] Undefined index: validate D:\phpStudy\WWW\blog\ThinkPHP\Library\Think\Model.class.php 第 1185 行.
NOTIC: [8] Undefined index: auto D:\phpStudy\WWW\blog\ThinkPHP\Library\Think\Model.class.php 第 1128 行.
SQL: SELECT * FROM `users` WHERE `name` = 'yuege'  [ RunTime:0.0004s ]
SQL: UPDATE `users` SET `tdy_login_times`='8',`last_login_time`='1525079992' WHERE `id` = 1 [ RunTime:0.0981s ]

[ 2018-04-30T17:29:54+08:00 ] ::1 /blog/61a8a4bf9306e2e10aa0e446109be315348d9c14.php/Index/checkLogin.html
INFO: [ app_begin ] --START--
INFO: Run Behavior\ReadHtmlCacheBehavior [ RunTime:0.000651s ]
INFO: [ app_begin ] --END-- [ RunTime:0.001142s ]
SQL: SHOW COLUMNS FROM `users` [ RunTime:0.0006s ]
SQL: SHOW COLUMNS FROM `users` [ RunTime:0.0004s ]
NOTIC: [8] Undefined index: validate D:\phpStudy\WWW\blog\ThinkPHP\Library\Think\Model.class.php 第 1185 行.
NOTIC: [8] Undefined index: auto D:\phpStudy\WWW\blog\ThinkPHP\Library\Think\Model.class.php 第 1128 行.
SQL: SELECT * FROM `users` WHERE `name` = 'yuege'  [ RunTime:0.0004s ]
SQL: UPDATE `users` SET `tdy_login_times`='9',`last_login_time`='1525080594' WHERE `id` = 1 [ RunTime:0.0949s ]

[ 2018-04-30T17:31:22+08:00 ] ::1 /blog/61a8a4bf9306e2e10aa0e446109be315348d9c14.php/Index/checkLogin.html
INFO: [ app_begin ] --START--
INFO: Run Behavior\ReadHtmlCacheBehavior [ RunTime:0.000758s ]
INFO: [ app_begin ] --END-- [ RunTime:0.001225s ]
SQL: SHOW COLUMNS FROM `users` [ RunTime:0.0008s ]
SQL: SHOW COLUMNS FROM `users` [ RunTime:0.0005s ]
NOTIC: [8] Undefined index: validate D:\phpStudy\WWW\blog\ThinkPHP\Library\Think\Model.class.php 第 1185 行.
NOTIC: [8] Undefined index: auto D:\phpStudy\WWW\blog\ThinkPHP\Library\Think\Model.class.php 第 1128 行.
SQL: SELECT * FROM `users` WHERE `name` = 'yuege'  [ RunTime:0.0004s ]
SQL: UPDATE `users` SET `tdy_login_times`='10',`last_login_time`='1525080682' WHERE `id` = 1 [ RunTime:0.1005s ]

[ 2018-04-30T17:36:48+08:00 ] ::1 /blog/61a8a4bf9306e2e10aa0e446109be315348d9c14.php/Index/checkLogin.html
INFO: [ app_begin ] --START--
INFO: Run Behavior\ReadHtmlCacheBehavior [ RunTime:0.000667s ]
INFO: [ app_begin ] --END-- [ RunTime:0.001177s ]
SQL: SHOW COLUMNS FROM `users` [ RunTime:0.0007s ]
SQL: SHOW COLUMNS FROM `users` [ RunTime:0.0005s ]
NOTIC: [8] Undefined index: validate D:\phpStudy\WWW\blog\ThinkPHP\Library\Think\Model.class.php 第 1185 行.
NOTIC: [8] Undefined index: auto D:\phpStudy\WWW\blog\ThinkPHP\Library\Think\Model.class.php 第 1128 行.
SQL: SELECT * FROM `users` WHERE `name` = 'yuege'  [ RunTime:0.0008s ]
SQL: UPDATE `users` SET `tdy_login_times`='11',`last_login_time`='1525081008' WHERE `id` = 1 [ RunTime:0.0950s ]

[ 2018-04-30T18:24:15+08:00 ] ::1 /blog/61a8a4bf9306e2e10aa0e446109be315348d9c14.php/PutBlog/deleteAll.html
INFO: [ app_begin ] --START--
INFO: Run Behavior\ReadHtmlCacheBehavior [ RunTime:0.000606s ]
INFO: [ app_begin ] --END-- [ RunTime:0.001169s ]
SQL: SHOW COLUMNS FROM `blogs` [ RunTime:0.0006s ]
SQL: SHOW COLUMNS FROM `category` [ RunTime:0.0005s ]
SQL: SHOW COLUMNS FROM `picture` [ RunTime:0.0005s ]
INFO: [ app_end ] --START--
INFO: Run Behavior\ShowPageTraceBehavior [ RunTime:0.000687s ]
INFO: [ app_end ] --END-- [ RunTime:0.000719s ]

[ 2018-04-30T18:24:53+08:00 ] ::1 /blog/61a8a4bf9306e2e10aa0e446109be315348d9c14.php/PutBlog/deleteAll.html
INFO: [ app_begin ] --START--
INFO: Run Behavior\ReadHtmlCacheBehavior [ RunTime:0.001103s ]
INFO: [ app_begin ] --END-- [ RunTime:0.001639s ]
SQL: SHOW COLUMNS FROM `blogs` [ RunTime:0.0006s ]
SQL: SHOW COLUMNS FROM `category` [ RunTime:0.0006s ]
SQL: SHOW COLUMNS FROM `picture` [ RunTime:0.0005s ]
INFO: [ app_end ] --START--
INFO: Run Behavior\ShowPageTraceBehavior [ RunTime:0.000911s ]
INFO: [ app_end ] --END-- [ RunTime:0.000944s ]

[ 2018-04-30T18:25:15+08:00 ] ::1 /blog/61a8a4bf9306e2e10aa0e446109be315348d9c14.php/PutBlog/deleteAll.html
INFO: [ app_begin ] --START--
INFO: Run Behavior\ReadHtmlCacheBehavior [ RunTime:0.000582s ]
INFO: [ app_begin ] --END-- [ RunTime:0.001081s ]
SQL: SHOW COLUMNS FROM `blogs` [ RunTime:0.0006s ]
SQL: SHOW COLUMNS FROM `category` [ RunTime:0.0005s ]
SQL: SHOW COLUMNS FROM `picture` [ RunTime:0.0009s ]
INFO: [ app_end ] --START--
INFO: Run Behavior\ShowPageTraceBehavior [ RunTime:0.000879s ]
INFO: [ app_end ] --END-- [ RunTime:0.000912s ]

[ 2018-04-30T18:36:01+08:00 ] ::1 /blog/61a8a4bf9306e2e10aa0e446109be315348d9c14.php/Index/checkLogin.html
INFO: [ app_begin ] --START--
INFO: Run Behavior\ReadHtmlCacheBehavior [ RunTime:0.000700s ]
INFO: [ app_begin ] --END-- [ RunTime:0.001204s ]
SQL: SHOW COLUMNS FROM `users` [ RunTime:0.0006s ]
SQL: SHOW COLUMNS FROM `users` [ RunTime:0.0004s ]
NOTIC: [8] Undefined index: validate D:\phpStudy\WWW\blog\ThinkPHP\Library\Think\Model.class.php 第 1185 行.
NOTIC: [8] Undefined index: auto D:\phpStudy\WWW\blog\ThinkPHP\Library\Think\Model.class.php 第 1128 行.
SQL: SELECT * FROM `users` WHERE `name` = 'yuege'  [ RunTime:0.0003s ]
SQL: UPDATE `users` SET `tdy_login_times`='12',`last_login_time`='1525084561' WHERE `id` = 1 [ RunTime:0.1092s ]

[ 2018-04-30T18:37:13+08:00 ] ::1 /blog/61a8a4bf9306e2e10aa0e446109be315348d9c14.php/Index/checkLogin.html
INFO: [ app_begin ] --START--
INFO: Run Behavior\ReadHtmlCacheBehavior [ RunTime:0.000494s ]
INFO: [ app_begin ] --END-- [ RunTime:0.000920s ]
SQL: SHOW COLUMNS FROM `users` [ RunTime:0.0006s ]
SQL: SHOW COLUMNS FROM `users` [ RunTime:0.0005s ]
NOTIC: [8] Undefined index: validate D:\phpStudy\WWW\blog\ThinkPHP\Library\Think\Model.class.php 第 1185 行.
NOTIC: [8] Undefined index: auto D:\phpStudy\WWW\blog\ThinkPHP\Library\Think\Model.class.php 第 1128 行.
SQL: SELECT * FROM `users` WHERE `name` = 'yuege'  [ RunTime:0.0003s ]
SQL: UPDATE `users` SET `tdy_login_times`='13',`last_login_time`='1525084633' WHERE `id` = 1 [ RunTime:0.0839s ]

[ 2018-04-30T18:38:04+08:00 ] ::1 /blog/61a8a4bf9306e2e10aa0e446109be315348d9c14.php/Index/checkLogin.html
INFO: [ app_begin ] --START--
INFO: Run Behavior\ReadHtmlCacheBehavior [ RunTime:0.000732s ]
INFO: [ app_begin ] --END-- [ RunTime:0.001310s ]
SQL: SHOW COLUMNS FROM `users` [ RunTime:0.0006s ]
SQL: SHOW COLUMNS FROM `users` [ RunTime:0.0005s ]
NOTIC: [8] Undefined index: validate D:\phpStudy\WWW\blog\ThinkPHP\Library\Think\Model.class.php 第 1185 行.
NOTIC: [8] Undefined index: auto D:\phpStudy\WWW\blog\ThinkPHP\Library\Think\Model.class.php 第 1128 行.
SQL: SELECT * FROM `users` WHERE `name` = 'yuege'  [ RunTime:0.0005s ]
SQL: UPDATE `users` SET `tdy_login_times`='14',`last_login_time`='1525084684' WHERE `id` = 1 [ RunTime:0.1032s ]

[ 2018-04-30T18:39:19+08:00 ] ::1 /blog/61a8a4bf9306e2e10aa0e446109be315348d9c14.php/Index/checkLogin.html
INFO: [ app_begin ] --START--
INFO: Run Behavior\ReadHtmlCacheBehavior [ RunTime:0.000613s ]
INFO: [ app_begin ] --END-- [ RunTime:0.001138s ]
SQL: SHOW COLUMNS FROM `users` [ RunTime:0.0007s ]
SQL: SHOW COLUMNS FROM `users` [ RunTime:0.0005s ]
NOTIC: [8] Undefined index: validate D:\phpStudy\WWW\blog\ThinkPHP\Library\Think\Model.class.php 第 1185 行.
NOTIC: [8] Undefined index: auto D:\phpStudy\WWW\blog\ThinkPHP\Library\Think\Model.class.php 第 1128 行.
SQL: SELECT * FROM `users` WHERE `name` = 'yuege'  [ RunTime:0.0004s ]
SQL: UPDATE `users` SET `tdy_login_times`='15',`last_login_time`='1525084759' WHERE `id` = 1 [ RunTime:0.0453s ]

[ 2018-04-30T19:14:18+08:00 ] ::1 /blog/61a8a4bf9306e2e10aa0e446109be315348d9c14.php/Index/checkLogin.html
INFO: [ app_begin ] --START--
INFO: Run Behavior\ReadHtmlCacheBehavior [ RunTime:0.000754s ]
INFO: [ app_begin ] --END-- [ RunTime:0.001237s ]
SQL: SHOW COLUMNS FROM `users` [ RunTime:0.0006s ]
SQL: SHOW COLUMNS FROM `users` [ RunTime:0.0008s ]
NOTIC: [8] Undefined index: validate D:\phpStudy\WWW\blog\ThinkPHP\Library\Think\Model.class.php 第 1185 行.
NOTIC: [8] Undefined index: auto D:\phpStudy\WWW\blog\ThinkPHP\Library\Think\Model.class.php 第 1128 行.
SQL: SELECT * FROM `users` WHERE `name` = 'yuege'  [ RunTime:0.0003s ]
SQL: UPDATE `users` SET `tdy_login_times`='16',`last_login_time`='1525086858' WHERE `id` = 1 [ RunTime:0.0998s ]

[ 2018-04-30T19:15:35+08:00 ] ::1 /blog/61a8a4bf9306e2e10aa0e446109be315348d9c14.php/PutBlog/deleteAll.html
INFO: [ app_begin ] --START--
INFO: Run Behavior\ReadHtmlCacheBehavior [ RunTime:0.000708s ]
INFO: [ app_begin ] --END-- [ RunTime:0.001394s ]
SQL: SHOW COLUMNS FROM `blogs` [ RunTime:0.0005s ]
SQL: SHOW COLUMNS FROM `category` [ RunTime:0.0004s ]
SQL: SHOW COLUMNS FROM `picture` [ RunTime:0.0005s ]
INFO: [ app_end ] --START--
INFO: Run Behavior\ShowPageTraceBehavior [ RunTime:0.000737s ]
INFO: [ app_end ] --END-- [ RunTime:0.000789s ]

[ 2018-04-30T19:16:53+08:00 ] ::1 /blog/61a8a4bf9306e2e10aa0e446109be315348d9c14.php/PutBlog/deleteAll.html
INFO: [ app_begin ] --START--
INFO: Run Behavior\ReadHtmlCacheBehavior [ RunTime:0.000614s ]
INFO: [ app_begin ] --END-- [ RunTime:0.001103s ]
SQL: SHOW COLUMNS FROM `blogs` [ RunTime:0.0006s ]
SQL: SHOW COLUMNS FROM `category` [ RunTime:0.0005s ]
SQL: SHOW COLUMNS FROM `picture` [ RunTime:0.0004s ]
INFO: [ app_end ] --START--
INFO: Run Behavior\ShowPageTraceBehavior [ RunTime:0.000784s ]
INFO: [ app_end ] --END-- [ RunTime:0.000816s ]

[ 2018-04-30T19:17:06+08:00 ] ::1 /blog/61a8a4bf9306e2e10aa0e446109be315348d9c14.php/PutBlog/deleteAll.html
INFO: [ app_begin ] --START--
INFO: Run Behavior\ReadHtmlCacheBehavior [ RunTime:0.000597s ]
INFO: [ app_begin ] --END-- [ RunTime:0.001146s ]
SQL: SHOW COLUMNS FROM `blogs` [ RunTime:0.0006s ]
SQL: SHOW COLUMNS FROM `category` [ RunTime:0.0006s ]
SQL: SHOW COLUMNS FROM `picture` [ RunTime:0.0005s ]
INFO: [ app_end ] --START--
INFO: Run Behavior\ShowPageTraceBehavior [ RunTime:0.000827s ]
INFO: [ app_end ] --END-- [ RunTime:0.000859s ]

[ 2018-04-30T19:17:45+08:00 ] ::1 /blog/61a8a4bf9306e2e10aa0e446109be315348d9c14.php/PutBlog/deleteAll.html
INFO: [ app_begin ] --START--
INFO: Run Behavior\ReadHtmlCacheBehavior [ RunTime:0.000592s ]
INFO: [ app_begin ] --END-- [ RunTime:0.001087s ]
SQL: SHOW COLUMNS FROM `blogs` [ RunTime:0.0006s ]
SQL: SHOW COLUMNS FROM `category` [ RunTime:0.0004s ]
SQL: SHOW COLUMNS FROM `picture` [ RunTime:0.0004s ]
SQL: SHOW COLUMNS FROM `picture` [ RunTime:0.0004s ]
SQL: DELETE FROM `blogs` WHERE `id` IN ('12') [ RunTime:0.0123s ]
SQL: DELETE FROM `picture` WHERE `bid` IN ('12') [ RunTime:0.0003s ]

[ 2018-04-30T19:21:53+08:00 ] ::1 /blog/61a8a4bf9306e2e10aa0e446109be315348d9c14.php/PutBlog/deleteAll.html
INFO: [ app_begin ] --START--
INFO: Run Behavior\ReadHtmlCacheBehavior [ RunTime:0.000703s ]
INFO: [ app_begin ] --END-- [ RunTime:0.001279s ]
SQL: SHOW COLUMNS FROM `blogs` [ RunTime:0.0007s ]
SQL: SHOW COLUMNS FROM `category` [ RunTime:0.0005s ]
SQL: SHOW COLUMNS FROM `picture` [ RunTime:0.0005s ]
SQL: SHOW COLUMNS FROM `picture` [ RunTime:0.0004s ]
SQL: DELETE FROM `blogs` WHERE `id` IN ('12') [ RunTime:0.0003s ]
SQL: DELETE FROM `picture` WHERE `bid` IN ('12') [ RunTime:0.0003s ]
NOTIC: [2] Cannot use a scalar value as an array D:\phpStudy\WWW\blog\Application\Common\Model\BlogsModel.class.php 第 378 行.
NOTIC: [2] Cannot use a scalar value as an array D:\phpStudy\WWW\blog\Application\Common\Model\BlogsModel.class.php 第 379 行.

[ 2018-04-30T19:22:47+08:00 ] ::1 /blog/61a8a4bf9306e2e10aa0e446109be315348d9c14.php/PutBlog/deleteAll.html
INFO: [ app_begin ] --START--
INFO: Run Behavior\ReadHtmlCacheBehavior [ RunTime:0.000670s ]
INFO: [ app_begin ] --END-- [ RunTime:0.001229s ]
SQL: SHOW COLUMNS FROM `blogs` [ RunTime:0.0007s ]
SQL: SHOW COLUMNS FROM `category` [ RunTime:0.0005s ]
SQL: SHOW COLUMNS FROM `picture` [ RunTime:0.0005s ]
SQL: SHOW COLUMNS FROM `picture` [ RunTime:0.0005s ]
SQL: DELETE FROM `blogs` WHERE `id` IN ('12','11','10') [ RunTime:0.0004s ]
SQL: DELETE FROM `picture` WHERE `bid` IN ('12','11','10') [ RunTime:0.0003s ]
NOTIC: [2] Cannot use a scalar value as an array D:\phpStudy\WWW\blog\Application\Common\Model\BlogsModel.class.php 第 378 行.
NOTIC: [2] Cannot use a scalar value as an array D:\phpStudy\WWW\blog\Application\Common\Model\BlogsModel.class.php 第 379 行.

[ 2018-04-30T19:25:39+08:00 ] ::1 /blog/61a8a4bf9306e2e10aa0e446109be315348d9c14.php/PutBlog/deleteAll.html
INFO: [ app_begin ] --START--
INFO: Run Behavior\ReadHtmlCacheBehavior [ RunTime:0.000600s ]
INFO: [ app_begin ] --END-- [ RunTime:0.001110s ]
SQL: SHOW COLUMNS FROM `blogs` [ RunTime:0.0007s ]
SQL: SHOW COLUMNS FROM `category` [ RunTime:0.0005s ]
SQL: SHOW COLUMNS FROM `picture` [ RunTime:0.0005s ]
SQL: SHOW COLUMNS FROM `picture` [ RunTime:0.0005s ]
SQL: DELETE FROM `blogs` WHERE `id` IN ('12','11','10','9','8') [ RunTime:0.0003s ]
SQL: DELETE FROM `picture` WHERE `bid` IN ('12','11','10','9','8') [ RunTime:0.0003s ]
NOTIC: [2] Cannot use a scalar value as an array D:\phpStudy\WWW\blog\Application\Common\Model\BlogsModel.class.php 第 378 行.
NOTIC: [2] Cannot use a scalar value as an array D:\phpStudy\WWW\blog\Application\Common\Model\BlogsModel.class.php 第 379 行.

[ 2018-04-30T19:28:39+08:00 ] ::1 /blog/61a8a4bf9306e2e10aa0e446109be315348d9c14.php/PutBlog/deleteAll.html
INFO: [ app_begin ] --START--
INFO: Run Behavior\ReadHtmlCacheBehavior [ RunTime:0.000664s ]
INFO: [ app_begin ] --END-- [ RunTime:0.001103s ]
SQL: SHOW COLUMNS FROM `blogs` [ RunTime:0.0007s ]
SQL: SHOW COLUMNS FROM `category` [ RunTime:0.0005s ]
SQL: SHOW COLUMNS FROM `picture` [ RunTime:0.0011s ]
INFO: [ app_end ] --START--
INFO: Run Behavior\ShowPageTraceBehavior [ RunTime:0.000703s ]
INFO: [ app_end ] --END-- [ RunTime:0.000734s ]

[ 2018-04-30T19:31:25+08:00 ] ::1 /blog/61a8a4bf9306e2e10aa0e446109be315348d9c14.php/PutBlog/deleteAll.html
INFO: [ app_begin ] --START--
INFO: Run Behavior\ReadHtmlCacheBehavior [ RunTime:0.000697s ]
INFO: [ app_begin ] --END-- [ RunTime:0.001498s ]
SQL: SHOW COLUMNS FROM `blogs` [ RunTime:0.0005s ]
SQL: SHOW COLUMNS FROM `category` [ RunTime:0.0004s ]
SQL: SHOW COLUMNS FROM `picture` [ RunTime:0.0005s ]
SQL: SHOW COLUMNS FROM `picture` [ RunTime:0.0005s ]
SQL: DELETE FROM `blogs` WHERE `id` IN ('12','9','8','11','10') [ RunTime:0.0003s ]
SQL: DELETE FROM `picture` WHERE `bid` IN ('12','9','8','11','10') [ RunTime:0.0003s ]
NOTIC: [2] Cannot use a scalar value as an array D:\phpStudy\WWW\blog\Application\Common\Model\BlogsModel.class.php 第 378 行.
NOTIC: [2] Cannot use a scalar value as an array D:\phpStudy\WWW\blog\Application\Common\Model\BlogsModel.class.php 第 379 行.
INFO: [ app_end ] --START--
INFO: Run Behavior\ShowPageTraceBehavior [ RunTime:0.000914s ]
INFO: [ app_end ] --END-- [ RunTime:0.000950s ]

[ 2018-04-30T19:32:35+08:00 ] ::1 /blog/61a8a4bf9306e2e10aa0e446109be315348d9c14.php/PutBlog/deleteAll.html
INFO: [ app_begin ] --START--
INFO: Run Behavior\ReadHtmlCacheBehavior [ RunTime:0.000873s ]
INFO: [ app_begin ] --END-- [ RunTime:0.001365s ]
SQL: SHOW COLUMNS FROM `blogs` [ RunTime:0.0006s ]
SQL: SHOW COLUMNS FROM `category` [ RunTime:0.0005s ]
SQL: SHOW COLUMNS FROM `picture` [ RunTime:0.0005s ]
SQL: SHOW COLUMNS FROM `picture` [ RunTime:0.0004s ]
SQL: DELETE FROM `blogs` WHERE `id` IN ('13','12') [ RunTime:0.0003s ]
SQL: DELETE FROM `picture` WHERE `bid` IN ('13','12') [ RunTime:0.0003s ]
NOTIC: [2] Cannot use a scalar value as an array D:\phpStudy\WWW\blog\Application\Common\Model\BlogsModel.class.php 第 378 行.
NOTIC: [2] Cannot use a scalar value as an array D:\phpStudy\WWW\blog\Application\Common\Model\BlogsModel.class.php 第 379 行.
INFO: [ app_end ] --START--
INFO: Run Behavior\ShowPageTraceBehavior [ RunTime:0.000817s ]
INFO: [ app_end ] --END-- [ RunTime:0.000854s ]

[ 2018-04-30T19:33:54+08:00 ] ::1 /blog/61a8a4bf9306e2e10aa0e446109be315348d9c14.php/PutBlog/deleteAll.html
INFO: [ app_begin ] --START--
INFO: Run Behavior\ReadHtmlCacheBehavior [ RunTime:0.000797s ]
INFO: [ app_begin ] --END-- [ RunTime:0.001265s ]
SQL: SHOW COLUMNS FROM `blogs` [ RunTime:0.0006s ]
SQL: SHOW COLUMNS FROM `category` [ RunTime:0.0005s ]
SQL: SHOW COLUMNS FROM `picture` [ RunTime:0.0004s ]
SQL: SHOW COLUMNS FROM `picture` [ RunTime:0.0004s ]
SQL: DELETE FROM `blogs` WHERE `id` IN ('13','12','15','14') [ RunTime:0.0004s ]
SQL: DELETE FROM `picture` WHERE `bid` IN ('13','12','15','14') [ RunTime:0.0003s ]
NOTIC: [2] Cannot use a scalar value as an array D:\phpStudy\WWW\blog\Application\Common\Model\BlogsModel.class.php 第 378 行.
NOTIC: [2] Cannot use a scalar value as an array D:\phpStudy\WWW\blog\Application\Common\Model\BlogsModel.class.php 第 379 行.

[ 2018-04-30T19:35:10+08:00 ] ::1 /blog/61a8a4bf9306e2e10aa0e446109be315348d9c14.php/PutBlog/deleteAll.html
INFO: [ app_begin ] --START--
INFO: Run Behavior\ReadHtmlCacheBehavior [ RunTime:0.000718s ]
INFO: [ app_begin ] --END-- [ RunTime:0.001229s ]
SQL: SHOW COLUMNS FROM `blogs` [ RunTime:0.0006s ]
SQL: SHOW COLUMNS FROM `category` [ RunTime:0.0005s ]
SQL: SHOW COLUMNS FROM `picture` [ RunTime:0.0006s ]
SQL: SHOW COLUMNS FROM `picture` [ RunTime:0.0005s ]
SQL: DELETE FROM `blogs` WHERE `id` IN ('13','12','15','14','16') [ RunTime:0.0004s ]
SQL: DELETE FROM `picture` WHERE `bid` IN ('13','12','15','14','16') [ RunTime:0.0003s ]
NOTIC: [2] Cannot use a scalar value as an array D:\phpStudy\WWW\blog\Application\Common\Model\BlogsModel.class.php 第 378 行.
NOTIC: [2] Cannot use a scalar value as an array D:\phpStudy\WWW\blog\Application\Common\Model\BlogsModel.class.php 第 379 行.

[ 2018-04-30T19:36:18+08:00 ] ::1 /blog/61a8a4bf9306e2e10aa0e446109be315348d9c14.php/PutBlog/deleteAll.html
INFO: [ app_begin ] --START--
INFO: Run Behavior\ReadHtmlCacheBehavior [ RunTime:0.001049s ]
INFO: [ app_begin ] --END-- [ RunTime:0.001536s ]
SQL: SHOW COLUMNS FROM `blogs` [ RunTime:0.0005s ]
SQL: SHOW COLUMNS FROM `category` [ RunTime:0.0005s ]
SQL: SHOW COLUMNS FROM `picture` [ RunTime:0.0004s ]
SQL: SHOW COLUMNS FROM `picture` [ RunTime:0.0004s ]
SQL: DELETE FROM `blogs` WHERE `id` IN ('13','12','15','14','16','17') [ RunTime:0.0003s ]
SQL: DELETE FROM `picture` WHERE `bid` IN ('13','12','15','14','16','17') [ RunTime:0.0003s ]
NOTIC: [2] Cannot use a scalar value as an array D:\phpStudy\WWW\blog\Application\Common\Model\BlogsModel.class.php 第 378 行.
NOTIC: [2] Cannot use a scalar value as an array D:\phpStudy\WWW\blog\Application\Common\Model\BlogsModel.class.php 第 379 行.

[ 2018-04-30T19:37:48+08:00 ] ::1 /blog/61a8a4bf9306e2e10aa0e446109be315348d9c14.php/PutBlog/deleteAll.html
INFO: [ app_begin ] --START--
INFO: Run Behavior\ReadHtmlCacheBehavior [ RunTime:0.000840s ]
INFO: [ app_begin ] --END-- [ RunTime:0.001392s ]
SQL: SHOW COLUMNS FROM `blogs` [ RunTime:0.0006s ]
SQL: SHOW COLUMNS FROM `category` [ RunTime:0.0005s ]
SQL: SHOW COLUMNS FROM `picture` [ RunTime:0.0005s ]
SQL: SHOW COLUMNS FROM `picture` [ RunTime:0.0004s ]
SQL: DELETE FROM `blogs` WHERE `id` IN ('13','12','15','14','16','17','18') [ RunTime:0.0003s ]
SQL: DELETE FROM `picture` WHERE `bid` IN ('13','12','15','14','16','17','18') [ RunTime:0.0003s ]
NOTIC: [2] Cannot use a scalar value as an array D:\phpStudy\WWW\blog\Application\Common\Model\BlogsModel.class.php 第 378 行.
NOTIC: [2] Cannot use a scalar value as an array D:\phpStudy\WWW\blog\Application\Common\Model\BlogsModel.class.php 第 379 行.
INFO: [ app_end ] --START--
INFO: Run Behavior\ShowPageTraceBehavior [ RunTime:0.001097s ]
INFO: [ app_end ] --END-- [ RunTime:0.001134s ]

[ 2018-04-30T19:39:23+08:00 ] ::1 /blog/61a8a4bf9306e2e10aa0e446109be315348d9c14.php/PutBlog/deleteAll.html
INFO: [ app_begin ] --START--
INFO: Run Behavior\ReadHtmlCacheBehavior [ RunTime:0.000521s ]
INFO: [ app_begin ] --END-- [ RunTime:0.000947s ]
SQL: SHOW COLUMNS FROM `blogs` [ RunTime:0.0006s ]
SQL: SHOW COLUMNS FROM `category` [ RunTime:0.0005s ]
SQL: SHOW COLUMNS FROM `picture` [ RunTime:0.0005s ]
SQL: SHOW COLUMNS FROM `picture` [ RunTime:0.0004s ]
SQL: DELETE FROM `blogs` WHERE `id` IN ('13','12','15','14','16','17','18','19') [ RunTime:0.0004s ]
INFO: [ app_end ] --START--
INFO: Run Behavior\ShowPageTraceBehavior [ RunTime:0.000993s ]
INFO: [ app_end ] --END-- [ RunTime:0.001064s ]

[ 2018-04-30T19:40:04+08:00 ] ::1 /blog/61a8a4bf9306e2e10aa0e446109be315348d9c14.php/PutBlog/deleteAll.html
INFO: [ app_begin ] --START--
INFO: Run Behavior\ReadHtmlCacheBehavior [ RunTime:0.000670s ]
INFO: [ app_begin ] --END-- [ RunTime:0.001217s ]
SQL: SHOW COLUMNS FROM `blogs` [ RunTime:0.0006s ]
SQL: SHOW COLUMNS FROM `category` [ RunTime:0.0004s ]
SQL: SHOW COLUMNS FROM `picture` [ RunTime:0.0005s ]
SQL: SHOW COLUMNS FROM `picture` [ RunTime:0.0005s ]
SQL: DELETE FROM `blogs` WHERE `id` IN ('13','12','15','14','16','17','18','19') [ RunTime:0.0004s ]
SQL: DELETE FROM `picture` WHERE `bid` IN ('13','12','15','14','16','17','18','19') [ RunTime:0.0002s ]
INFO: [ app_end ] --START--
INFO: Run Behavior\ShowPageTraceBehavior [ RunTime:0.001080s ]
INFO: [ app_end ] --END-- [ RunTime:0.001114s ]

[ 2018-04-30T19:40:16+08:00 ] ::1 /blog/61a8a4bf9306e2e10aa0e446109be315348d9c14.php/PutBlog/deleteAll.html
INFO: [ app_begin ] --START--
INFO: Run Behavior\ReadHtmlCacheBehavior [ RunTime:0.000525s ]
INFO: [ app_begin ] --END-- [ RunTime:0.000971s ]
SQL: SHOW COLUMNS FROM `blogs` [ RunTime:0.0006s ]
SQL: SHOW COLUMNS FROM `category` [ RunTime:0.0005s ]
SQL: SHOW COLUMNS FROM `picture` [ RunTime:0.0004s ]
SQL: SHOW COLUMNS FROM `picture` [ RunTime:0.0005s ]
SQL: DELETE FROM `blogs` WHERE `id` IN ('13','12','15','14','16','17','18','20') [ RunTime:0.0004s ]
SQL: DELETE FROM `picture` WHERE `bid` IN ('13','12','15','14','16','17','18','20') [ RunTime:0.0003s ]
INFO: [ app_end ] --START--
INFO: Run Behavior\ShowPageTraceBehavior [ RunTime:0.000861s ]
INFO: [ app_end ] --END-- [ RunTime:0.000895s ]

[ 2018-04-30T19:40:20+08:00 ] ::1 /blog/61a8a4bf9306e2e10aa0e446109be315348d9c14.php/PutBlog/deleteAll.html
INFO: [ app_begin ] --START--
INFO: Run Behavior\ReadHtmlCacheBehavior [ RunTime:0.000607s ]
INFO: [ app_begin ] --END-- [ RunTime:0.001081s ]
SQL: SHOW COLUMNS FROM `blogs` [ RunTime:0.0008s ]
SQL: SHOW COLUMNS FROM `category` [ RunTime:0.0005s ]
SQL: SHOW COLUMNS FROM `picture` [ RunTime:0.0004s ]
SQL: SHOW COLUMNS FROM `picture` [ RunTime:0.0005s ]
SQL: DELETE FROM `blogs` WHERE `id` IN ('13','12','15','14','16','17','18','20','19') [ RunTime:0.0003s ]
SQL: DELETE FROM `picture` WHERE `bid` IN ('13','12','15','14','16','17','18','20','19') [ RunTime:0.0002s ]
INFO: [ app_end ] --START--
INFO: Run Behavior\ShowPageTraceBehavior [ RunTime:0.000773s ]
INFO: [ app_end ] --END-- [ RunTime:0.000820s ]

[ 2018-04-30T19:40:21+08:00 ] ::1 /blog/61a8a4bf9306e2e10aa0e446109be315348d9c14.php/PutBlog/deleteAll.html
INFO: [ app_begin ] --START--
INFO: Run Behavior\ReadHtmlCacheBehavior [ RunTime:0.000533s ]
INFO: [ app_begin ] --END-- [ RunTime:0.000968s ]
SQL: SHOW COLUMNS FROM `blogs` [ RunTime:0.0006s ]
SQL: SHOW COLUMNS FROM `category` [ RunTime:0.0005s ]
SQL: SHOW COLUMNS FROM `picture` [ RunTime:0.0007s ]
SQL: SHOW COLUMNS FROM `picture` [ RunTime:0.0005s ]
SQL: DELETE FROM `blogs` WHERE `id` IN ('13','12','15','14','16','17','18','20','19') [ RunTime:0.0003s ]
SQL: DELETE FROM `picture` WHERE `bid` IN ('13','12','15','14','16','17','18','20','19') [ RunTime:0.0002s ]
INFO: [ app_end ] --START--
INFO: Run Behavior\ShowPageTraceBehavior [ RunTime:0.000963s ]
INFO: [ app_end ] --END-- [ RunTime:0.000996s ]

[ 2018-04-30T19:40:21+08:00 ] ::1 /blog/61a8a4bf9306e2e10aa0e446109be315348d9c14.php/PutBlog/deleteAll.html
INFO: [ app_begin ] --START--
INFO: Run Behavior\ReadHtmlCacheBehavior [ RunTime:0.000665s ]
INFO: [ app_begin ] --END-- [ RunTime:0.001150s ]
SQL: SHOW COLUMNS FROM `blogs` [ RunTime:0.0008s ]
SQL: SHOW COLUMNS FROM `category` [ RunTime:0.0010s ]
SQL: SHOW COLUMNS FROM `picture` [ RunTime:0.0005s ]
SQL: SHOW COLUMNS FROM `picture` [ RunTime:0.0005s ]
SQL: DELETE FROM `blogs` WHERE `id` IN ('13','12','15','14','16','17','18','20','19') [ RunTime:0.0003s ]
SQL: DELETE FROM `picture` WHERE `bid` IN ('13','12','15','14','16','17','18','20','19') [ RunTime:0.0003s ]
INFO: [ app_end ] --START--
INFO: Run Behavior\ShowPageTraceBehavior [ RunTime:0.000876s ]
INFO: [ app_end ] --END-- [ RunTime:0.000908s ]

[ 2018-04-30T19:40:21+08:00 ] ::1 /blog/61a8a4bf9306e2e10aa0e446109be315348d9c14.php/PutBlog/deleteAll.html
INFO: [ app_begin ] --START--
INFO: Run Behavior\ReadHtmlCacheBehavior [ RunTime:0.000764s ]
INFO: [ app_begin ] --END-- [ RunTime:0.001506s ]
SQL: SHOW COLUMNS FROM `blogs` [ RunTime:0.0005s ]
SQL: SHOW COLUMNS FROM `category` [ RunTime:0.0004s ]
SQL: SHOW COLUMNS FROM `picture` [ RunTime:0.0004s ]
SQL: SHOW COLUMNS FROM `picture` [ RunTime:0.0004s ]
SQL: DELETE FROM `blogs` WHERE `id` IN ('13','12','15','14','16','17','18','20','19') [ RunTime:0.0003s ]
SQL: DELETE FROM `picture` WHERE `bid` IN ('13','12','15','14','16','17','18','20','19') [ RunTime:0.0003s ]
INFO: [ app_end ] --START--
INFO: Run Behavior\ShowPageTraceBehavior [ RunTime:0.000747s ]
INFO: [ app_end ] --END-- [ RunTime:0.000780s ]

[ 2018-04-30T19:41:02+08:00 ] ::1 /blog/61a8a4bf9306e2e10aa0e446109be315348d9c14.php/PutBlog/deleteAll.html
INFO: [ app_begin ] --START--
INFO: Run Behavior\ReadHtmlCacheBehavior [ RunTime:0.000594s ]
INFO: [ app_begin ] --END-- [ RunTime:0.001000s ]
SQL: SHOW COLUMNS FROM `blogs` [ RunTime:0.0007s ]
SQL: SHOW COLUMNS FROM `category` [ RunTime:0.0005s ]
SQL: SHOW COLUMNS FROM `picture` [ RunTime:0.0005s ]
SQL: SHOW COLUMNS FROM `picture` [ RunTime:0.0006s ]
SQL: DELETE FROM `blogs` WHERE `id` IN ('13','12','15','14','16','17','18','20','19') [ RunTime:0.0006s ]
SQL: DELETE FROM `picture` WHERE `bid` IN ('13','12','15','14','16','17','18','20','19') [ RunTime:0.0003s ]
INFO: [ app_end ] --START--
INFO: Run Behavior\ShowPageTraceBehavior [ RunTime:0.000998s ]
INFO: [ app_end ] --END-- [ RunTime:0.001050s ]

[ 2018-04-30T19:41:43+08:00 ] ::1 /blog/61a8a4bf9306e2e10aa0e446109be315348d9c14.php/PutBlog/deleteAll.html
INFO: [ app_begin ] --START--
INFO: Run Behavior\ReadHtmlCacheBehavior [ RunTime:0.000629s ]
INFO: [ app_begin ] --END-- [ RunTime:0.001197s ]
SQL: SHOW COLUMNS FROM `blogs` [ RunTime:0.0006s ]
SQL: SHOW COLUMNS FROM `category` [ RunTime:0.0005s ]
SQL: SHOW COLUMNS FROM `picture` [ RunTime:0.0005s ]
SQL: SHOW COLUMNS FROM `picture` [ RunTime:0.0005s ]
SQL: DELETE FROM `blogs` WHERE `id` IN ('13','12','15','14','16','17','18','20','19','21') [ RunTime:0.0003s ]
SQL: DELETE FROM `picture` WHERE `bid` IN ('13','12','15','14','16','17','18','20','19','21') [ RunTime:0.0002s ]
NOTIC: [2] Cannot use a scalar value as an array D:\phpStudy\WWW\blog\Application\Common\Model\BlogsModel.class.php 第 379 行.
NOTIC: [2] Cannot use a scalar value as an array D:\phpStudy\WWW\blog\Application\Common\Model\BlogsModel.class.php 第 380 行.
INFO: [ app_end ] --START--
INFO: Run Behavior\ShowPageTraceBehavior [ RunTime:0.000939s ]
INFO: [ app_end ] --END-- [ RunTime:0.000993s ]

[ 2018-04-30T19:42:42+08:00 ] ::1 /blog/61a8a4bf9306e2e10aa0e446109be315348d9c14.php/PutBlog/deleteAll.html
INFO: [ app_begin ] --START--
INFO: Run Behavior\ReadHtmlCacheBehavior [ RunTime:0.000560s ]
INFO: [ app_begin ] --END-- [ RunTime:0.001011s ]
SQL: SHOW COLUMNS FROM `blogs` [ RunTime:0.0005s ]
SQL: SHOW COLUMNS FROM `category` [ RunTime:0.0005s ]
SQL: SHOW COLUMNS FROM `picture` [ RunTime:0.0005s ]
SQL: SHOW COLUMNS FROM `picture` [ RunTime:0.0004s ]
SQL: DELETE FROM `blogs` WHERE `id` IN ('13','12','15','14','16','17','18','20','19','21','22') [ RunTime:0.0003s ]
SQL: DELETE FROM `picture` WHERE `bid` IN ('13','12','15','14','16','17','18','20','19','21','22') [ RunTime:0.0003s ]
NOTIC: [2] Cannot use a scalar value as an array D:\phpStudy\WWW\blog\Application\Common\Model\BlogsModel.class.php 第 379 行.
NOTIC: [2] Cannot use a scalar value as an array D:\phpStudy\WWW\blog\Application\Common\Model\BlogsModel.class.php 第 380 行.
INFO: [ app_end ] --START--
INFO: Run Behavior\ShowPageTraceBehavior [ RunTime:0.000953s ]
INFO: [ app_end ] --END-- [ RunTime:0.000991s ]

[ 2018-04-30T19:43:34+08:00 ] ::1 /blog/61a8a4bf9306e2e10aa0e446109be315348d9c14.php/PutBlog/deleteAll.html
INFO: [ app_begin ] --START--
INFO: Run Behavior\ReadHtmlCacheBehavior [ RunTime:0.000586s ]
INFO: [ app_begin ] --END-- [ RunTime:0.001031s ]
SQL: SHOW COLUMNS FROM `blogs` [ RunTime:0.0006s ]
SQL: SHOW COLUMNS FROM `category` [ RunTime:0.0005s ]
SQL: SHOW COLUMNS FROM `picture` [ RunTime:0.0004s ]
SQL: SHOW COLUMNS FROM `picture` [ RunTime:0.0004s ]
SQL: DELETE FROM `blogs` WHERE `id` IN ('13','12','15','14','16','17','18','20','19','21','22','23') [ RunTime:0.0003s ]
SQL: DELETE FROM `picture` WHERE `bid` IN ('13','12','15','14','16','17','18','20','19','21','22','23') [ RunTime:0.0002s ]
INFO: [ app_end ] --START--
INFO: Run Behavior\ShowPageTraceBehavior [ RunTime:0.000864s ]
INFO: [ app_end ] --END-- [ RunTime:0.000900s ]

[ 2018-04-30T19:44:17+08:00 ] ::1 /blog/61a8a4bf9306e2e10aa0e446109be315348d9c14.php/PutBlog/deleteAll.html
INFO: [ app_begin ] --START--
INFO: Run Behavior\ReadHtmlCacheBehavior [ RunTime:0.000950s ]
INFO: [ app_begin ] --END-- [ RunTime:0.001731s ]
SQL: SHOW COLUMNS FROM `blogs` [ RunTime:0.0006s ]
SQL: SHOW COLUMNS FROM `category` [ RunTime:0.0005s ]
SQL: SHOW COLUMNS FROM `picture` [ RunTime:0.0004s ]
SQL: SHOW COLUMNS FROM `picture` [ RunTime:0.0004s ]
SQL: DELETE FROM `blogs` WHERE `id` IN ('13','12','15','14','16','17','18','20','19','21','22','23') [ RunTime:0.0003s ]
SQL: DELETE FROM `picture` WHERE `bid` IN ('13','12','15','14','16','17','18','20','19','21','22','23') [ RunTime:0.0002s ]
NOTIC: [2] Cannot use a scalar value as an array D:\phpStudy\WWW\blog\Application\Common\Model\BlogsModel.class.php 第 380 行.
NOTIC: [2] Cannot use a scalar value as an array D:\phpStudy\WWW\blog\Application\Common\Model\BlogsModel.class.php 第 381 行.
INFO: [ app_end ] --START--
INFO: Run Behavior\ShowPageTraceBehavior [ RunTime:0.000952s ]
INFO: [ app_end ] --END-- [ RunTime:0.001004s ]

[ 2018-04-30T19:44:54+08:00 ] ::1 /blog/61a8a4bf9306e2e10aa0e446109be315348d9c14.php/PutBlog/deleteAll.html
INFO: [ app_begin ] --START--
INFO: Run Behavior\ReadHtmlCacheBehavior [ RunTime:0.000989s ]
INFO: [ app_begin ] --END-- [ RunTime:0.001535s ]
SQL: SHOW COLUMNS FROM `blogs` [ RunTime:0.0006s ]
SQL: SHOW COLUMNS FROM `category` [ RunTime:0.0005s ]
SQL: SHOW COLUMNS FROM `picture` [ RunTime:0.0004s ]
SQL: SHOW COLUMNS FROM `picture` [ RunTime:0.0005s ]
SQL: DELETE FROM `blogs` WHERE `id` IN ('13','12','15','14','16','17','18','20','19','21','22','23','24') [ RunTime:0.0003s ]
SQL: DELETE FROM `picture` WHERE `bid` IN ('13','12','15','14','16','17','18','20','19','21','22','23','24') [ RunTime:0.0003s ]
NOTIC: [2] Cannot use a scalar value as an array D:\phpStudy\WWW\blog\Application\Common\Model\BlogsModel.class.php 第 380 行.
NOTIC: [2] Cannot use a scalar value as an array D:\phpStudy\WWW\blog\Application\Common\Model\BlogsModel.class.php 第 381 行.
INFO: [ app_end ] --START--
INFO: Run Behavior\ShowPageTraceBehavior [ RunTime:0.001058s ]
INFO: [ app_end ] --END-- [ RunTime:0.001093s ]

[ 2018-04-30T19:46:35+08:00 ] ::1 /blog/61a8a4bf9306e2e10aa0e446109be315348d9c14.php/PutBlog/deleteAll.html
INFO: [ app_begin ] --START--
INFO: Run Behavior\ReadHtmlCacheBehavior [ RunTime:0.000768s ]
INFO: [ app_begin ] --END-- [ RunTime:0.001257s ]
SQL: SHOW COLUMNS FROM `blogs` [ RunTime:0.0005s ]
SQL: SHOW COLUMNS FROM `category` [ RunTime:0.0004s ]
SQL: SHOW COLUMNS FROM `picture` [ RunTime:0.0003s ]
SQL: SHOW COLUMNS FROM `picture` [ RunTime:0.0003s ]
SQL: DELETE FROM `blogs` WHERE `id` IN ('13','12','15','14','16','17','18','20','19','21','22','23','24','25') [ RunTime:0.0003s ]
SQL: DELETE FROM `picture` WHERE `bid` IN ('13','12','15','14','16','17','18','20','19','21','22','23','24','25') [ RunTime:0.0002s ]
INFO: [ app_end ] --START--
INFO: Run Behavior\ShowPageTraceBehavior [ RunTime:0.001076s ]
INFO: [ app_end ] --END-- [ RunTime:0.001124s ]

[ 2018-04-30T19:48:03+08:00 ] ::1 /blog/61a8a4bf9306e2e10aa0e446109be315348d9c14.php/PutBlog/deleteAll.html
INFO: [ app_begin ] --START--
INFO: Run Behavior\ReadHtmlCacheBehavior [ RunTime:0.000600s ]
INFO: [ app_begin ] --END-- [ RunTime:0.001092s ]
SQL: SHOW COLUMNS FROM `blogs` [ RunTime:0.0007s ]
SQL: SHOW COLUMNS FROM `category` [ RunTime:0.0005s ]
SQL: SHOW COLUMNS FROM `picture` [ RunTime:0.0005s ]
SQL: SHOW COLUMNS FROM `picture` [ RunTime:0.0004s ]
SQL: DELETE FROM `blogs` WHERE `id` IN ('13','12','15','14','16','17','18','20','19','21','22','23','24','25','26') [ RunTime:0.0003s ]
SQL: DELETE FROM `picture` WHERE `bid` IN ('13','12','15','14','16','17','18','20','19','21','22','23','24','25','26') [ RunTime:0.0002s ]
NOTIC: [2] Cannot use a scalar value as an array D:\phpStudy\WWW\blog\Application\Common\Model\BlogsModel.class.php 第 384 行.
NOTIC: [2] Cannot use a scalar value as an array D:\phpStudy\WWW\blog\Application\Common\Model\BlogsModel.class.php 第 385 行.
INFO: [ app_end ] --START--
INFO: Run Behavior\ShowPageTraceBehavior [ RunTime:0.000990s ]
INFO: [ app_end ] --END-- [ RunTime:0.001038s ]

[ 2018-04-30T19:49:34+08:00 ] ::1 /blog/61a8a4bf9306e2e10aa0e446109be315348d9c14.php/PutBlog/deleteAll.html
INFO: [ app_begin ] --START--
INFO: Run Behavior\ReadHtmlCacheBehavior [ RunTime:0.001062s ]
INFO: [ app_begin ] --END-- [ RunTime:0.001611s ]
SQL: SHOW COLUMNS FROM `blogs` [ RunTime:0.0006s ]
SQL: SHOW COLUMNS FROM `category` [ RunTime:0.0004s ]
SQL: SHOW COLUMNS FROM `picture` [ RunTime:0.0006s ]
SQL: SHOW COLUMNS FROM `picture` [ RunTime:0.0005s ]
SQL: DELETE FROM `blogs` WHERE `id` IN ('13','12','15','14','16','17','18','20','19','21','22','23','24','25','26','27') [ RunTime:0.0004s ]
SQL: DELETE FROM `picture` WHERE `bid` IN ('13','12','15','14','16','17','18','20','19','21','22','23','24','25','26','27') [ RunTime:0.0002s ]
NOTIC: [2] Cannot use a scalar value as an array D:\phpStudy\WWW\blog\Application\Common\Model\BlogsModel.class.php 第 384 行.
NOTIC: [2] Cannot use a scalar value as an array D:\phpStudy\WWW\blog\Application\Common\Model\BlogsModel.class.php 第 385 行.
INFO: [ app_end ] --START--
INFO: Run Behavior\ShowPageTraceBehavior [ RunTime:0.001029s ]
INFO: [ app_end ] --END-- [ RunTime:0.001071s ]

[ 2018-04-30T21:50:44+08:00 ] ::1 /blog/61a8a4bf9306e2e10aa0e446109be315348d9c14.php/Index/checkLogin.html
INFO: [ app_begin ] --START--
INFO: Run Behavior\ReadHtmlCacheBehavior [ RunTime:0.000728s ]
INFO: [ app_begin ] --END-- [ RunTime:0.001243s ]
SQL: SHOW COLUMNS FROM `users` [ RunTime:0.0021s ]
SQL: SHOW COLUMNS FROM `users` [ RunTime:0.0005s ]
NOTIC: [8] Undefined index: validate D:\phpStudy\WWW\blog\ThinkPHP\Library\Think\Model.class.php 第 1185 行.
NOTIC: [8] Undefined index: auto D:\phpStudy\WWW\blog\ThinkPHP\Library\Think\Model.class.php 第 1128 行.
SQL: SELECT * FROM `users` WHERE `name` = 'yuege'  [ RunTime:0.0003s ]
SQL: UPDATE `users` SET `tdy_login_times`='1',`last_login_time`='1525096244' WHERE `id` = 1 [ RunTime:0.0843s ]

[ 2018-04-30T21:51:26+08:00 ] ::1 /blog/61a8a4bf9306e2e10aa0e446109be315348d9c14.php/PutBlog/deleteAll.html
INFO: [ app_begin ] --START--
INFO: Run Behavior\ReadHtmlCacheBehavior [ RunTime:0.000751s ]
INFO: [ app_begin ] --END-- [ RunTime:0.001294s ]
SQL: SHOW COLUMNS FROM `blogs` [ RunTime:0.0006s ]
SQL: SHOW COLUMNS FROM `category` [ RunTime:0.0004s ]
SQL: SHOW COLUMNS FROM `picture` [ RunTime:0.0003s ]
INFO: [ app_end ] --START--
INFO: Run Behavior\ShowPageTraceBehavior [ RunTime:0.000712s ]
INFO: [ app_end ] --END-- [ RunTime:0.000760s ]

[ 2018-04-30T21:53:10+08:00 ] ::1 /blog/61a8a4bf9306e2e10aa0e446109be315348d9c14.php/PutBlog/deleteAll.html
INFO: [ app_begin ] --START--
INFO: Run Behavior\ReadHtmlCacheBehavior [ RunTime:0.000786s ]
INFO: [ app_begin ] --END-- [ RunTime:0.001334s ]
SQL: SHOW COLUMNS FROM `blogs` [ RunTime:0.0012s ]
SQL: SHOW COLUMNS FROM `category` [ RunTime:0.0006s ]
SQL: SHOW COLUMNS FROM `picture` [ RunTime:0.0005s ]
SQL: SHOW COLUMNS FROM `picture` [ RunTime:0.0005s ]
INFO: [ app_end ] --START--
INFO: Run Behavior\ShowPageTraceBehavior [ RunTime:0.000790s ]
INFO: [ app_end ] --END-- [ RunTime:0.000841s ]

[ 2018-04-30T21:53:21+08:00 ] ::1 /blog/61a8a4bf9306e2e10aa0e446109be315348d9c14.php/PutBlog/deleteAll.html
INFO: [ app_begin ] --START--
INFO: Run Behavior\ReadHtmlCacheBehavior [ RunTime:0.001432s ]
INFO: [ app_begin ] --END-- [ RunTime:0.002410s ]
SQL: SHOW COLUMNS FROM `blogs` [ RunTime:0.0005s ]
SQL: SHOW COLUMNS FROM `category` [ RunTime:0.0004s ]
SQL: SHOW COLUMNS FROM `picture` [ RunTime:0.0004s ]
SQL: SHOW COLUMNS FROM `picture` [ RunTime:0.0004s ]
INFO: [ app_end ] --START--
INFO: Run Behavior\ShowPageTraceBehavior [ RunTime:0.000769s ]
INFO: [ app_end ] --END-- [ RunTime:0.000804s ]

[ 2018-04-30T21:54:59+08:00 ] ::1 /blog/61a8a4bf9306e2e10aa0e446109be315348d9c14.php/PutBlog/deleteAll.html
INFO: [ app_begin ] --START--
INFO: Run Behavior\ReadHtmlCacheBehavior [ RunTime:0.000863s ]
INFO: [ app_begin ] --END-- [ RunTime:0.001523s ]
SQL: SHOW COLUMNS FROM `blogs` [ RunTime:0.0008s ]
SQL: SHOW COLUMNS FROM `category` [ RunTime:0.0004s ]
SQL: SHOW COLUMNS FROM `picture` [ RunTime:0.0004s ]
SQL: SHOW COLUMNS FROM `picture` [ RunTime:0.0004s ]
SQL: DELETE FROM `blogs` WHERE `id` IN ('13','12','15','14','16','17','18','20','19','21','22','23','24','25','26','27','7') [ RunTime:0.0003s ]
SQL: DELETE FROM `picture` WHERE `bid` IN ('13','12','15','14','16','17','18','20','19','21','22','23','24','25','26','27','7') [ RunTime:0.0003s ]
INFO: [ app_end ] --START--
INFO: Run Behavior\ShowPageTraceBehavior [ RunTime:0.001085s ]
INFO: [ app_end ] --END-- [ RunTime:0.001150s ]

[ 2018-04-30T21:55:49+08:00 ] ::1 /blog/61a8a4bf9306e2e10aa0e446109be315348d9c14.php/PutBlog/deleteAll.html
INFO: [ app_begin ] --START--
INFO: Run Behavior\ReadHtmlCacheBehavior [ RunTime:0.001182s ]
INFO: [ app_begin ] --END-- [ RunTime:0.001694s ]
SQL: SHOW COLUMNS FROM `blogs` [ RunTime:0.0016s ]
SQL: SHOW COLUMNS FROM `category` [ RunTime:0.0010s ]
SQL: SHOW COLUMNS FROM `picture` [ RunTime:0.0010s ]
SQL: SHOW COLUMNS FROM `picture` [ RunTime:0.0004s ]
SQL: DELETE FROM `blogs` WHERE `id` IN ('13','12','15','14','16','17','18','20','19','21','22','23','24','25','26','27','8') [ RunTime:0.0003s ]
SQL: DELETE FROM `picture` WHERE `bid` IN ('13','12','15','14','16','17','18','20','19','21','22','23','24','25','26','27','8') [ RunTime:0.0003s ]
INFO: [ app_end ] --START--
INFO: Run Behavior\ShowPageTraceBehavior [ RunTime:0.000987s ]
INFO: [ app_end ] --END-- [ RunTime:0.001050s ]

[ 2018-04-30T21:57:05+08:00 ] ::1 /blog/61a8a4bf9306e2e10aa0e446109be315348d9c14.php/PutBlog/deleteAll.html
INFO: [ app_begin ] --START--
INFO: Run Behavior\ReadHtmlCacheBehavior [ RunTime:0.000745s ]
INFO: [ app_begin ] --END-- [ RunTime:0.001276s ]
SQL: SHOW COLUMNS FROM `blogs` [ RunTime:0.0008s ]
SQL: SHOW COLUMNS FROM `category` [ RunTime:0.0004s ]
SQL: SHOW COLUMNS FROM `picture` [ RunTime:0.0004s ]
SQL: SHOW COLUMNS FROM `picture` [ RunTime:0.0004s ]
SQL: DELETE FROM `blogs` WHERE `id` IN ('13','12','15','14','16','17','18','20','19','21','22','23','24','25','26','27','8','10','9') [ RunTime:0.0003s ]
SQL: DELETE FROM `picture` WHERE `bid` IN ('13','12','15','14','16','17','18','20','19','21','22','23','24','25','26','27','8','10','9') [ RunTime:0.0003s ]
INFO: [ app_end ] --START--
INFO: Run Behavior\ShowPageTraceBehavior [ RunTime:0.000921s ]
INFO: [ app_end ] --END-- [ RunTime:0.000972s ]

[ 2018-04-30T22:01:23+08:00 ] ::1 /blog/61a8a4bf9306e2e10aa0e446109be315348d9c14.php/PutBlog/deleteBlog.html
INFO: [ app_begin ] --START--
INFO: Run Behavior\ReadHtmlCacheBehavior [ RunTime:0.000539s ]
INFO: [ app_begin ] --END-- [ RunTime:0.000987s ]
SQL: SHOW COLUMNS FROM `blogs` [ RunTime:0.0006s ]
SQL: SHOW COLUMNS FROM `category` [ RunTime:0.0004s ]
SQL: SHOW COLUMNS FROM `picture` [ RunTime:0.0004s ]
SQL: SELECT * FROM `picture` WHERE `bid` = 11  [ RunTime:0.0003s ]
SQL: DELETE FROM `picture` WHERE `bid` = 11 [ RunTime:0.0808s ]
SQL: DELETE FROM `blogs` WHERE `id` = 11 [ RunTime:0.0284s ]

[ 2018-04-30T22:05:46+08:00 ] ::1 /blog/61a8a4bf9306e2e10aa0e446109be315348d9c14.php/PutBlog/deleteAll.html
INFO: [ app_begin ] --START--
INFO: Run Behavior\ReadHtmlCacheBehavior [ RunTime:0.000626s ]
INFO: [ app_begin ] --END-- [ RunTime:0.001083s ]
SQL: SHOW COLUMNS FROM `blogs` [ RunTime:0.0011s ]
SQL: SHOW COLUMNS FROM `category` [ RunTime:0.0004s ]
SQL: SHOW COLUMNS FROM `picture` [ RunTime:0.0004s ]
SQL: SHOW COLUMNS FROM `picture` [ RunTime:0.0004s ]
SQL: DELETE FROM `blogs` WHERE `id` IN ('13','12','15','14','16','17','18','20','19','21','22','23','24','25','26','27','8','10','9') [ RunTime:0.0003s ]
SQL: SELECT * FROM `picture` WHERE `bid` IN ('13','12','15','14','16','17','18','20','19','21','22','23','24','25','26','27','8','10','9')  [ RunTime:0.0004s ]
SQL: DELETE FROM `picture` WHERE `bid` IN ('13','12','15','14','16','17','18','20','19','21','22','23','24','25','26','27','8','10','9') [ RunTime:0.0002s ]
INFO: [ app_end ] --START--
INFO: Run Behavior\ShowPageTraceBehavior [ RunTime:0.001046s ]
INFO: [ app_end ] --END-- [ RunTime:0.001093s ]

[ 2018-04-30T22:10:22+08:00 ] ::1 /blog/61a8a4bf9306e2e10aa0e446109be315348d9c14.php/Index/checkLogin.html
INFO: [ app_begin ] --START--
INFO: Run Behavior\ReadHtmlCacheBehavior [ RunTime:0.000612s ]
INFO: [ app_begin ] --END-- [ RunTime:0.001086s ]
SQL: SHOW COLUMNS FROM `users` [ RunTime:0.0018s ]
SQL: SHOW COLUMNS FROM `users` [ RunTime:0.0004s ]

[ 2018-04-30T22:10:39+08:00 ] ::1 /blog/61a8a4bf9306e2e10aa0e446109be315348d9c14.php/Index/checkLogin.html
INFO: [ app_begin ] --START--
INFO: Run Behavior\ReadHtmlCacheBehavior [ RunTime:0.000538s ]
INFO: [ app_begin ] --END-- [ RunTime:0.001008s ]
SQL: SHOW COLUMNS FROM `users` [ RunTime:0.0014s ]
SQL: SHOW COLUMNS FROM `users` [ RunTime:0.0005s ]
NOTIC: [8] Undefined index: validate D:\phpStudy\WWW\blog\ThinkPHP\Library\Think\Model.class.php 第 1185 行.
NOTIC: [8] Undefined index: auto D:\phpStudy\WWW\blog\ThinkPHP\Library\Think\Model.class.php 第 1128 行.
SQL: SELECT * FROM `users` WHERE `name` = 'yuege'  [ RunTime:0.0003s ]
SQL: UPDATE `users` SET `tdy_login_times`='1',`last_login_time`='1525097439' WHERE `id` = 1 [ RunTime:0.0499s ]

[ 2018-04-30T22:12:01+08:00 ] ::1 /blog/61a8a4bf9306e2e10aa0e446109be315348d9c14.php/Index/checkLogin.html
INFO: [ app_begin ] --START--
INFO: Run Behavior\ReadHtmlCacheBehavior [ RunTime:0.000768s ]
INFO: [ app_begin ] --END-- [ RunTime:0.001299s ]
SQL: SHOW COLUMNS FROM `users` [ RunTime:0.0010s ]
SQL: SHOW COLUMNS FROM `users` [ RunTime:0.0004s ]
NOTIC: [8] Undefined index: validate D:\phpStudy\WWW\blog\ThinkPHP\Library\Think\Model.class.php 第 1185 行.
NOTIC: [8] Undefined index: auto D:\phpStudy\WWW\blog\ThinkPHP\Library\Think\Model.class.php 第 1128 行.
SQL: SELECT * FROM `users` WHERE `name` = 'yuege'  [ RunTime:0.0003s ]
SQL: UPDATE `users` SET `tdy_login_times`='2',`last_login_time`='1525097521' WHERE `id` = 1 [ RunTime:0.0808s ]

[ 2018-04-30T22:12:14+08:00 ] ::1 /blog/61a8a4bf9306e2e10aa0e446109be315348d9c14.php/PutBlog/deleteAll.html
INFO: [ app_begin ] --START--
INFO: Run Behavior\ReadHtmlCacheBehavior [ RunTime:0.000814s ]
INFO: [ app_begin ] --END-- [ RunTime:0.001507s ]
SQL: SHOW COLUMNS FROM `blogs` [ RunTime:0.0008s ]
SQL: SHOW COLUMNS FROM `category` [ RunTime:0.0004s ]
SQL: SHOW COLUMNS FROM `picture` [ RunTime:0.0004s ]
SQL: SHOW COLUMNS FROM `picture` [ RunTime:0.0004s ]
SQL: DELETE FROM `blogs` WHERE `id` IN ('14','13') [ RunTime:0.0003s ]
SQL: SELECT * FROM `picture` WHERE `bid` IN ('14','13')  [ RunTime:0.0003s ]
SQL: DELETE FROM `picture` WHERE `bid` IN ('14','13') [ RunTime:0.0003s ]

